Arguments: 
  /usr/bin/node /usr/share/yarn/bin/yarn.js install

PATH: 
  /usr/local/sbin:/usr/local/bin:/usr/sbin:/usr/bin:/sbin:/bin:/usr/games:/usr/local/games:/snap/bin:/home/rljjie/Android/Sdk/emulator:/home/rljjie/Android/Sdk/tools:/home/rljjie/Android/Sdk/tools/bin:/home/rljjie/Android/Sdk/platform-tools:/home/rljjie/Android/Sdk/emulator:/home/rljjie/Android/Sdk/tools:/home/rljjie/Android/Sdk/tools/bin:/home/rljjie/Android/Sdk/platform-tools:/home/rljjie/Android/Sdk/emulator:/home/rljjie/Android/Sdk/tools:/home/rljjie/Android/Sdk/tools/bin:/home/rljjie/Android/Sdk/platform-tools

Yarn version: 
  1.22.5

Node version: 
  14.4.0

Platform: 
  linux x64

Trace: 
  Error: https://registry.yarnpkg.com/@types%2f: Request "https://registry.yarnpkg.com/@types%2f" returned a 405
      at Request.params.callback [as _callback] (/usr/share/yarn/lib/cli.js:66997:18)
      at Request.self.callback (/usr/share/yarn/lib/cli.js:140749:22)
      at Request.emit (events.js:315:20)
      at Request.<anonymous> (/usr/share/yarn/lib/cli.js:141721:10)
      at Request.emit (events.js:315:20)
      at IncomingMessage.<anonymous> (/usr/share/yarn/lib/cli.js:141643:12)
      at Object.onceWrapper (events.js:421:28)
      at IncomingMessage.emit (events.js:327:22)
      at endReadableNT (_stream_readable.js:1224:12)
      at processTicksAndRejections (internal/process/task_queues.js:84:21)

npm manifest: 
  {
    "name": "site",
    "version": "0.1.0",
    "private": true,
    "dependencies": {
      "@date-io/date-fns": "^2.10.8",
      "@material-ui/core": "^4.11.3",
      "@testing-library/jest-dom": "^4.2.4",
      "@testing-library/react": "^9.3.2",
      "@testing-library/user-event": "^7.1.2",
      "@types/jest": "^24.0.0",
      "@types/node": "^12.0.0",
      "axios": "^0.20.0",
      "core-js": "^3.8.3",
      "formik": "^2.2.2",
      "polished": "^3.6.7",
      "react": "^16.13.1",
      "react-datepicker": "^3.4.1",
      "react-dom": "^16.13.1",
      "react-icons": "^3.11.0",
      "react-router-dom": "^5.2.0",
      "react-scripts": "3.4.3",
      "react-toastify": "^6.1.0",
      "styled-components": "^5.2.0",
      "typescript": "~3.7.2",
      "yup": "^0.29.3"
    },
    "scripts": {
      "start": "react-scripts start",
      "build": "react-scripts build",
      "test": "react-scripts test",
      "eject": "react-scripts eject"
    },
    "eslintConfig": {
      "extends": "react-app"
    },
    "browserslist": {
      "production": [
        ">0.2%",
        "not dead",
        "not op_mini all"
      ],
      "development": [
        "last 1 chrome version",
        "last 1 firefox version",
        "last 1 safari version"
      ]
    },
    "devDependencies": {
      "@types/react": "^16.9.47",
      "@types/react-dom": "^16.9.8",
      "@types/react-router-dom": "^5.1.5",
      "@types/styled-components": "^5.1.3",
      "@types/yup": "^0.29.8",
      "@types/@date-io/date-fns": "^2.10.8"
    }
  }

yarn manifest: 
  No manifest

Lockfile: 
  No lockfile
